-------------------------------------------------------------------------------
Test set: no.sqizi.webapp.services.ImageServiceImplTest
-------------------------------------------------------------------------------
Tests run: 1, Failures: 0, Errors: 1, Skipped: 0, Time elapsed: 7 sec <<< FAILURE!
testSaveArticleImage(no.sqizi.webapp.services.ImageServiceImplTest)  Time elapsed: 6.984 sec  <<< ERROR!
javax.imageio.IIOException: Can't get input stream from URL!
	at javax.imageio.ImageIO.read(ImageIO.java:1369)
	at no.sqizi.webapp.services.ImageServiceImplTest.testSaveArticleImage(ImageServiceImplTest.java:55)
	at sun.reflect.NativeMethodAccessorImpl.invoke0(Native Method)
	at sun.reflect.NativeMethodAccessorImpl.invoke(NativeMethodAccessorImpl.java:39)
	at sun.reflect.DelegatingMethodAccessorImpl.invoke(DelegatingMethodAccessorImpl.java:25)
	at java.lang.reflect.Method.invoke(Method.java:597)
	at org.junit.internal.runners.TestMethod.invoke(TestMethod.java:66)
	at org.junit.internal.runners.MethodRoadie.runTestMethod(MethodRoadie.java:105)
	at org.junit.internal.runners.MethodRoadie$2.run(MethodRoadie.java:86)
	at org.junit.internal.runners.MethodRoadie.runBeforesThenTestThenAfters(MethodRoadie.java:94)
	at org.junit.internal.runners.MethodRoadie.runTest(MethodRoadie.java:84)
	at org.junit.internal.runners.MethodRoadie.run(MethodRoadie.java:49)
	at org.junit.internal.runners.JUnit4ClassRunner.invokeTestMethod(JUnit4ClassRunner.java:96)
	at org.junit.internal.runners.JUnit4ClassRunner.runMethods(JUnit4ClassRunner.java:59)
	at org.junit.internal.runners.JUnit4ClassRunner$1.run(JUnit4ClassRunner.java:52)
	at org.junit.internal.runners.ClassRoadie.runUnprotected(ClassRoadie.java:34)
	at org.junit.internal.runners.ClassRoadie.runProtected(ClassRoadie.java:44)
	at org.junit.internal.runners.JUnit4ClassRunner.run(JUnit4ClassRunner.java:50)
	at org.apache.maven.surefire.junit4.JUnit4TestSet.execute(JUnit4TestSet.java:62)
	at org.apache.maven.surefire.suite.AbstractDirectoryTestSuite.executeTestSet(AbstractDirectoryTestSuite.java:140)
	at org.apache.maven.surefire.suite.AbstractDirectoryTestSuite.execute(AbstractDirectoryTestSuite.java:127)
	at org.apache.maven.surefire.Surefire.run(Surefire.java:177)
	at sun.reflect.NativeMethodAccessorImpl.invoke0(Native Method)
	at sun.reflect.NativeMethodAccessorImpl.invoke(NativeMethodAccessorImpl.java:39)
	at sun.reflect.DelegatingMethodAccessorImpl.invoke(DelegatingMethodAccessorImpl.java:25)
	at java.lang.reflect.Method.invoke(Method.java:597)
	at org.apache.maven.surefire.booter.SurefireBooter.runSuitesInProcess(SurefireBooter.java:338)
	at org.apache.maven.surefire.booter.SurefireBooter.main(SurefireBooter.java:997)
Caused by: java.net.UnknownHostException: www.google.pl
	at java.net.PlainSocketImpl.connect(PlainSocketImpl.java:177)
	at java.net.Socket.connect(Socket.java:519)
	at java.net.Socket.connect(Socket.java:469)
	at sun.net.NetworkClient.doConnect(NetworkClient.java:157)
	at sun.net.www.http.HttpClient.openServer(HttpClient.java:394)
	at sun.net.www.http.HttpClient.openServer(HttpClient.java:529)
	at sun.net.www.http.HttpClient.<init>(HttpClient.java:233)
	at sun.net.www.http.HttpClient.New(HttpClient.java:306)
	at sun.net.www.http.HttpClient.New(HttpClient.java:323)
	at sun.net.www.protocol.http.HttpURLConnection.getNewHttpClient(HttpURLConnection.java:788)
	at sun.net.www.protocol.http.HttpURLConnection.plainConnect(HttpURLConnection.java:729)
	at sun.net.www.protocol.http.HttpURLConnection.connect(HttpURLConnection.java:654)
	at sun.net.www.protocol.http.HttpURLConnection.getInputStream(HttpURLConnection.java:977)
	at java.net.URL.openStream(URL.java:1009)
	at javax.imageio.ImageIO.read(ImageIO.java:1367)
	... 27 more

