<?xml version="1.0" encoding="UTF-8" ?>
<testsuite failures="0" time="0.078" errors="0" skipped="0" tests="6" name="no.sqizi.webapp.flex.services.ArticlesServiceImplTest">
  <properties>
[...]
</properties>
  <testcase time="0" classname="no.sqizi.webapp.flex.services.ArticlesServiceImplTest" name="testGetArticle"/>
  <testcase time="0.015" classname="no.sqizi.webapp.flex.services.ArticlesServiceImplTest" name="testAddArticle"/>
  <testcase time="0" classname="no.sqizi.webapp.flex.services.ArticlesServiceImplTest" name="testUpdateArticle"/>
  <testcase time="0" classname="no.sqizi.webapp.flex.services.ArticlesServiceImplTest" name="testAddCategory"/>
  <testcase time="0.016" classname="no.sqizi.webapp.flex.services.ArticlesServiceImplTest" name="testGetArticleImages"/>
  <testcase time="0" classname="no.sqizi.webapp.flex.services.ArticlesServiceImplTest" name="testGetRecentArticlesForCompany"/>
</testsuite>